<?xml version="1.0" encoding="UTF-8"?>
<!-- Generated by org.testng.reporters.JUnitXMLReporter -->
<testsuite ignored="0" hostname="MacBook-Pro-de-Apple.local" failures="1" tests="1" name="TestBase" time="7.806" errors="0" timestamp="2025-03-19T10:19:07 CLST">
  <testcase classname="cl.evaluacion.qa.tests.TestTrello" name="inicioSesion" time="3.357">
    <failure type="java.lang.AssertionError" message="expected [Your username is invalid!] but found [Your username is invalid!
×]">
      <![CDATA[java.lang.AssertionError: expected [Your username is invalid!] but found [Your username is invalid!
×]
at cl.evaluacion.qa.pages.LoginPage.assertIngreso(LoginPage.java:51)
at cl.evaluacion.qa.tests.TestTrello.inicioSesion(TestTrello.java:80)
at java.base/java.util.ArrayList.forEach(ArrayList.java:1597)
... Removed 34 stack frames]]>
    </failure>
  </testcase> <!-- inicioSesion -->
</testsuite> <!-- TestBase -->
