<?xml version="1.0" encoding="UTF-8"?>
<testsuite xmlns:xsi="http://www.w3.org/2001/XMLSchema-instance" xsi:noNamespaceSchemaLocation="https://maven.apache.org/surefire/maven-surefire-plugin/xsd/surefire-test-report-3.0.xsd" version="3.0" name="TestSuite" time="8.304" tests="1" errors="0" skipped="0" failures="1">
  <properties>
[...]
</properties>
  <testcase name="inicioSesion" classname="cl.evaluacion.qa.tests.TestTrello" time="3.361">
    <failure message="expected [Your username is invalid!] but found [Your username is invalid!&#10;×]" type="java.lang.AssertionError"><![CDATA[java.lang.AssertionError: 
expected [Your username is invalid!] but found [Your username is invalid!
×]
	at cl.evaluacion.qa.tests.TestTrello.inicioSesion(TestTrello.java:80)
]]></failure>
    <system-out><![CDATA[[TestNGContentHandler] [WARN] It is strongly recommended to add "<!DOCTYPE suite SYSTEM "https://testng.org/testng-1.0.dtd" >" at the top of your file, otherwise TestNG may fail or not work as expected.
]]></system-out>
    <system-err><![CDATA[Starting ChromeDriver 134.0.6998.88 (7e3d5c978c6d3a6eda25692cfac7f893a2b20dd0-refs/branch-heads/6998@{#1898}) on port 7244
Only local connections are allowed.
Please see https://chromedriver.chromium.org/security-considerations for suggestions on keeping ChromeDriver safe.
ChromeDriver was started successfully on port 7244.
mar 19, 2025 10:19:01 A. M. org.openqa.selenium.remote.ProtocolHandshake createSession
INFO: Detected dialect: W3C
]]></system-err>
  </testcase>
</testsuite>